1731616932.508798 client started (1999974): version 3.2a, socket /tmp/tmux-1562659190/default, protocol 8
1731616932.508810 on Linux 5.14.0-427.37.1.el9_4.x86_64 #1 SMP PREEMPT_DYNAMIC Wed Sep 25 11:51:41 UTC 2024
1731616932.508812 using libevent 2.1.12-stable (poll); ncurses 6.2
1731616932.508818 flags are 0x10010000
1731616932.508819 socket is /tmp/tmux-1562659190/default
1731616932.508839 trying connect
1731616932.508877 add peer 0x5592577f3620: 6 ((nil))
1731616932.509026 sending message 100 to peer 0x5592577f3620 (4 bytes)
1731616932.509028 sending message 111 to peer 0x5592577f3620 (8 bytes)
1731616932.509030 sending message 101 to peer 0x5592577f3620 (14 bytes)
1731616932.509031 sending message 109 to peer 0x5592577f3620 (4 bytes)
1731616932.509032 sending message 102 to peer 0x5592577f3620 (12 bytes)
1731616932.509033 sending message 108 to peer 0x5592577f3620 (40 bytes)
1731616932.509034 sending message 112 to peer 0x5592577f3620 (70 bytes)
1731616932.509035 sending message 112 to peer 0x5592577f3620 (5 bytes)
1731616932.509037 sending message 112 to peer 0x5592577f3620 (5 bytes)
1731616932.509038 sending message 112 to peer 0x5592577f3620 (6 bytes)
1731616932.509039 sending message 112 to peer 0x5592577f3620 (6 bytes)
1731616932.509040 sending message 112 to peer 0x5592577f3620 (11 bytes)
1731616932.509041 sending message 112 to peer 0x5592577f3620 (10 bytes)
1731616932.509042 sending message 112 to peer 0x5592577f3620 (13 bytes)
1731616932.509044 sending message 112 to peer 0x5592577f3620 (13 bytes)
1731616932.509045 sending message 112 to peer 0x5592577f3620 (18 bytes)
1731616932.509046 sending message 112 to peer 0x5592577f3620 (11 bytes)
1731616932.509046 sending message 112 to peer 0x5592577f3620 (10 bytes)
1731616932.509047 sending message 112 to peer 0x5592577f3620 (15 bytes)
1731616932.509048 sending message 112 to peer 0x5592577f3620 (21 bytes)
1731616932.509049 sending message 112 to peer 0x5592577f3620 (13 bytes)
1731616932.509050 sending message 112 to peer 0x5592577f3620 (7 bytes)
1731616932.509051 sending message 112 to peer 0x5592577f3620 (13 bytes)
1731616932.509052 sending message 112 to peer 0x5592577f3620 (7 bytes)
1731616932.509053 sending message 112 to peer 0x5592577f3620 (13 bytes)
1731616932.509054 sending message 112 to peer 0x5592577f3620 (9 bytes)
1731616932.509055 sending message 112 to peer 0x5592577f3620 (21 bytes)
1731616932.509056 sending message 112 to peer 0x5592577f3620 (13 bytes)
1731616932.509057 sending message 112 to peer 0x5592577f3620 (8 bytes)
1731616932.509058 sending message 112 to peer 0x5592577f3620 (12 bytes)
1731616932.509059 sending message 112 to peer 0x5592577f3620 (13 bytes)
1731616932.509061 sending message 112 to peer 0x5592577f3620 (9 bytes)
1731616932.509062 sending message 112 to peer 0x5592577f3620 (9 bytes)
1731616932.509063 sending message 112 to peer 0x5592577f3620 (12 bytes)
1731616932.509064 sending message 112 to peer 0x5592577f3620 (8 bytes)
1731616932.509065 sending message 112 to peer 0x5592577f3620 (8 bytes)
1731616932.509066 sending message 112 to peer 0x5592577f3620 (7 bytes)
1731616932.509067 sending message 112 to peer 0x5592577f3620 (7 bytes)
1731616932.509068 sending message 112 to peer 0x5592577f3620 (9 bytes)
1731616932.509069 sending message 112 to peer 0x5592577f3620 (13 bytes)
1731616932.509070 sending message 112 to peer 0x5592577f3620 (6 bytes)
1731616932.509071 sending message 112 to peer 0x5592577f3620 (9 bytes)
1731616932.509072 sending message 112 to peer 0x5592577f3620 (15 bytes)
1731616932.509073 sending message 112 to peer 0x5592577f3620 (13 bytes)
1731616932.509074 sending message 112 to peer 0x5592577f3620 (12 bytes)
1731616932.509075 sending message 112 to peer 0x5592577f3620 (8 bytes)
1731616932.509076 sending message 112 to peer 0x5592577f3620 (14 bytes)
1731616932.509077 sending message 112 to peer 0x5592577f3620 (11 bytes)
1731616932.509078 sending message 112 to peer 0x5592577f3620 (9 bytes)
1731616932.509079 sending message 112 to peer 0x5592577f3620 (10 bytes)
1731616932.509080 sending message 112 to peer 0x5592577f3620 (10 bytes)
1731616932.509084 sending message 112 to peer 0x5592577f3620 (10 bytes)
1731616932.509085 sending message 112 to peer 0x5592577f3620 (10 bytes)
1731616932.509086 sending message 112 to peer 0x5592577f3620 (11 bytes)
1731616932.509087 sending message 112 to peer 0x5592577f3620 (12 bytes)
1731616932.509088 sending message 112 to peer 0x5592577f3620 (12 bytes)
1731616932.509089 sending message 112 to peer 0x5592577f3620 (12 bytes)
1731616932.509090 sending message 112 to peer 0x5592577f3620 (12 bytes)
1731616932.509090 sending message 112 to peer 0x5592577f3620 (12 bytes)
1731616932.509096 sending message 112 to peer 0x5592577f3620 (11 bytes)
1731616932.509097 sending message 112 to peer 0x5592577f3620 (11 bytes)
1731616932.509098 sending message 112 to peer 0x5592577f3620 (12 bytes)
1731616932.509099 sending message 112 to peer 0x5592577f3620 (12 bytes)
1731616932.509100 sending message 112 to peer 0x5592577f3620 (12 bytes)
1731616932.509101 sending message 112 to peer 0x5592577f3620 (12 bytes)
1731616932.509102 sending message 112 to peer 0x5592577f3620 (12 bytes)
1731616932.509103 sending message 112 to peer 0x5592577f3620 (10 bytes)
1731616932.509104 sending message 112 to peer 0x5592577f3620 (12 bytes)
1731616932.509104 sending message 112 to peer 0x5592577f3620 (13 bytes)
1731616932.509105 sending message 112 to peer 0x5592577f3620 (13 bytes)
1731616932.509106 sending message 112 to peer 0x5592577f3620 (13 bytes)
1731616932.509107 sending message 112 to peer 0x5592577f3620 (13 bytes)
1731616932.509108 sending message 112 to peer 0x5592577f3620 (13 bytes)
1731616932.509109 sending message 112 to peer 0x5592577f3620 (8 bytes)
1731616932.509110 sending message 112 to peer 0x5592577f3620 (11 bytes)
1731616932.509111 sending message 112 to peer 0x5592577f3620 (11 bytes)
1731616932.509112 sending message 112 to peer 0x5592577f3620 (11 bytes)
1731616932.509113 sending message 112 to peer 0x5592577f3620 (12 bytes)
1731616932.509114 sending message 112 to peer 0x5592577f3620 (12 bytes)
1731616932.509115 sending message 112 to peer 0x5592577f3620 (12 bytes)
1731616932.509116 sending message 112 to peer 0x5592577f3620 (12 bytes)
1731616932.509117 sending message 112 to peer 0x5592577f3620 (13 bytes)
1731616932.509118 sending message 112 to peer 0x5592577f3620 (13 bytes)
1731616932.509119 sending message 112 to peer 0x5592577f3620 (13 bytes)
1731616932.509120 sending message 112 to peer 0x5592577f3620 (8 bytes)
1731616932.509121 sending message 112 to peer 0x5592577f3620 (13 bytes)
1731616932.509122 sending message 112 to peer 0x5592577f3620 (13 bytes)
1731616932.509123 sending message 112 to peer 0x5592577f3620 (13 bytes)
1731616932.509124 sending message 112 to peer 0x5592577f3620 (13 bytes)
1731616932.509124 sending message 112 to peer 0x5592577f3620 (13 bytes)
1731616932.509125 sending message 112 to peer 0x5592577f3620 (12 bytes)
1731616932.509126 sending message 112 to peer 0x5592577f3620 (12 bytes)
1731616932.509127 sending message 112 to peer 0x5592577f3620 (12 bytes)
1731616932.509128 sending message 112 to peer 0x5592577f3620 (12 bytes)
1731616932.509129 sending message 112 to peer 0x5592577f3620 (13 bytes)
1731616932.509130 sending message 112 to peer 0x5592577f3620 (8 bytes)
1731616932.509131 sending message 112 to peer 0x5592577f3620 (13 bytes)
1731616932.509132 sending message 112 to peer 0x5592577f3620 (13 bytes)
1731616932.509133 sending message 112 to peer 0x5592577f3620 (13 bytes)
1731616932.509134 sending message 112 to peer 0x5592577f3620 (13 bytes)
1731616932.509135 sending message 112 to peer 0x5592577f3620 (13 bytes)
1731616932.509136 sending message 112 to peer 0x5592577f3620 (13 bytes)
1731616932.509137 sending message 112 to peer 0x5592577f3620 (13 bytes)
1731616932.509138 sending message 112 to peer 0x5592577f3620 (12 bytes)
1731616932.509139 sending message 112 to peer 0x5592577f3620 (12 bytes)
1731616932.509140 sending message 112 to peer 0x5592577f3620 (12 bytes)
1731616932.509141 sending message 112 to peer 0x5592577f3620 (8 bytes)
1731616932.509142 sending message 112 to peer 0x5592577f3620 (12 bytes)
1731616932.509144 sending message 112 to peer 0x5592577f3620 (13 bytes)
1731616932.509145 sending message 112 to peer 0x5592577f3620 (13 bytes)
1731616932.509146 sending message 112 to peer 0x5592577f3620 (13 bytes)
1731616932.509147 sending message 112 to peer 0x5592577f3620 (13 bytes)
1731616932.509148 sending message 112 to peer 0x5592577f3620 (13 bytes)
1731616932.509149 sending message 112 to peer 0x5592577f3620 (13 bytes)
1731616932.509150 sending message 112 to peer 0x5592577f3620 (13 bytes)
1731616932.509151 sending message 112 to peer 0x5592577f3620 (13 bytes)
1731616932.509151 sending message 112 to peer 0x5592577f3620 (12 bytes)
1731616932.509152 sending message 112 to peer 0x5592577f3620 (10 bytes)
1731616932.509153 sending message 112 to peer 0x5592577f3620 (12 bytes)
1731616932.509154 sending message 112 to peer 0x5592577f3620 (12 bytes)
1731616932.509155 sending message 112 to peer 0x5592577f3620 (12 bytes)
1731616932.509156 sending message 112 to peer 0x5592577f3620 (13 bytes)
1731616932.509157 sending message 112 to peer 0x5592577f3620 (13 bytes)
1731616932.509158 sending message 112 to peer 0x5592577f3620 (13 bytes)
1731616932.509159 sending message 112 to peer 0x5592577f3620 (13 bytes)
1731616932.509159 sending message 112 to peer 0x5592577f3620 (13 bytes)
1731616932.509160 sending message 112 to peer 0x5592577f3620 (13 bytes)
1731616932.509161 sending message 112 to peer 0x5592577f3620 (13 bytes)
1731616932.509162 sending message 112 to peer 0x5592577f3620 (10 bytes)
1731616932.509163 sending message 112 to peer 0x5592577f3620 (13 bytes)
1731616932.509164 sending message 112 to peer 0x5592577f3620 (12 bytes)
1731616932.509165 sending message 112 to peer 0x5592577f3620 (12 bytes)
1731616932.509166 sending message 112 to peer 0x5592577f3620 (12 bytes)
1731616932.509167 sending message 112 to peer 0x5592577f3620 (10 bytes)
1731616932.509168 sending message 112 to peer 0x5592577f3620 (10 bytes)
1731616932.509168 sending message 112 to peer 0x5592577f3620 (10 bytes)
1731616932.509169 sending message 112 to peer 0x5592577f3620 (12 bytes)
1731616932.509170 sending message 112 to peer 0x5592577f3620 (13 bytes)
1731616932.509171 sending message 112 to peer 0x5592577f3620 (13 bytes)
1731616932.509172 sending message 112 to peer 0x5592577f3620 (13 bytes)
1731616932.509173 sending message 112 to peer 0x5592577f3620 (13 bytes)
1731616932.509174 sending message 112 to peer 0x5592577f3620 (13 bytes)
1731616932.509175 sending message 112 to peer 0x5592577f3620 (11 bytes)
1731616932.509176 sending message 112 to peer 0x5592577f3620 (11 bytes)
1731616932.509177 sending message 112 to peer 0x5592577f3620 (12 bytes)
1731616932.509178 sending message 112 to peer 0x5592577f3620 (12 bytes)
1731616932.509179 sending message 112 to peer 0x5592577f3620 (12 bytes)
1731616932.509180 sending message 112 to peer 0x5592577f3620 (12 bytes)
1731616932.509181 sending message 112 to peer 0x5592577f3620 (12 bytes)
1731616932.509186 sending message 112 to peer 0x5592577f3620 (11 bytes)
1731616932.509188 sending message 112 to peer 0x5592577f3620 (12 bytes)
1731616932.509189 sending message 112 to peer 0x5592577f3620 (12 bytes)
1731616932.509190 sending message 112 to peer 0x5592577f3620 (13 bytes)
1731616932.509191 sending message 112 to peer 0x5592577f3620 (13 bytes)
1731616932.509192 sending message 112 to peer 0x5592577f3620 (13 bytes)
1731616932.509193 sending message 112 to peer 0x5592577f3620 (13 bytes)
1731616932.509194 sending message 112 to peer 0x5592577f3620 (13 bytes)
1731616932.509195 sending message 112 to peer 0x5592577f3620 (10 bytes)
1731616932.509196 sending message 112 to peer 0x5592577f3620 (9 bytes)
1731616932.509197 sending message 112 to peer 0x5592577f3620 (12 bytes)
1731616932.509198 sending message 112 to peer 0x5592577f3620 (13 bytes)
1731616932.509199 sending message 112 to peer 0x5592577f3620 (13 bytes)
1731616932.509200 sending message 112 to peer 0x5592577f3620 (13 bytes)
1731616932.509201 sending message 112 to peer 0x5592577f3620 (13 bytes)
1731616932.509202 sending message 112 to peer 0x5592577f3620 (13 bytes)
1731616932.509205 sending message 112 to peer 0x5592577f3620 (9 bytes)
1731616932.509206 sending message 112 to peer 0x5592577f3620 (12 bytes)
1731616932.509207 sending message 112 to peer 0x5592577f3620 (13 bytes)
1731616932.509208 sending message 112 to peer 0x5592577f3620 (13 bytes)
1731616932.509209 sending message 112 to peer 0x5592577f3620 (13 bytes)
1731616932.509210 sending message 112 to peer 0x5592577f3620 (13 bytes)
1731616932.509211 sending message 112 to peer 0x5592577f3620 (13 bytes)
1731616932.509212 sending message 112 to peer 0x5592577f3620 (11 bytes)
1731616932.509213 sending message 112 to peer 0x5592577f3620 (12 bytes)
1731616932.509214 sending message 112 to peer 0x5592577f3620 (13 bytes)
1731616932.509215 sending message 112 to peer 0x5592577f3620 (13 bytes)
1731616932.509215 sending message 112 to peer 0x5592577f3620 (13 bytes)
1731616932.509216 sending message 112 to peer 0x5592577f3620 (13 bytes)
1731616932.509217 sending message 112 to peer 0x5592577f3620 (13 bytes)
1731616932.509218 sending message 112 to peer 0x5592577f3620 (11 bytes)
1731616932.509219 sending message 112 to peer 0x5592577f3620 (12 bytes)
1731616932.509220 sending message 112 to peer 0x5592577f3620 (12 bytes)
1731616932.509221 sending message 112 to peer 0x5592577f3620 (12 bytes)
1731616932.509222 sending message 112 to peer 0x5592577f3620 (12 bytes)
1731616932.509223 sending message 112 to peer 0x5592577f3620 (12 bytes)
1731616932.509224 sending message 112 to peer 0x5592577f3620 (21 bytes)
1731616932.509225 sending message 112 to peer 0x5592577f3620 (12 bytes)
1731616932.509226 sending message 112 to peer 0x5592577f3620 (9 bytes)
1731616932.509227 sending message 112 to peer 0x5592577f3620 (6 bytes)
1731616932.509228 sending message 112 to peer 0x5592577f3620 (8 bytes)
1731616932.509229 sending message 112 to peer 0x5592577f3620 (15 bytes)
1731616932.509230 sending message 112 to peer 0x5592577f3620 (13 bytes)
1731616932.509230 sending message 112 to peer 0x5592577f3620 (9 bytes)
1731616932.509232 sending message 112 to peer 0x5592577f3620 (70 bytes)
1731616932.509233 sending message 112 to peer 0x5592577f3620 (69 bytes)
1731616932.509234 sending message 112 to peer 0x5592577f3620 (10 bytes)
1731616932.509235 sending message 112 to peer 0x5592577f3620 (10 bytes)
1731616932.509236 sending message 112 to peer 0x5592577f3620 (8 bytes)
1731616932.509237 sending message 112 to peer 0x5592577f3620 (15 bytes)
1731616932.509238 sending message 112 to peer 0x5592577f3620 (13 bytes)
1731616932.509239 sending message 112 to peer 0x5592577f3620 (10 bytes)
1731616932.509240 sending message 112 to peer 0x5592577f3620 (10 bytes)
1731616932.509241 sending message 112 to peer 0x5592577f3620 (17 bytes)
1731616932.509242 sending message 112 to peer 0x5592577f3620 (10 bytes)
1731616932.509243 sending message 112 to peer 0x5592577f3620 (13 bytes)
1731616932.509243 sending message 112 to peer 0x5592577f3620 (9 bytes)
1731616932.509245 sending message 112 to peer 0x5592577f3620 (5 bytes)
1731616932.509246 sending message 112 to peer 0x5592577f3620 (15 bytes)
1731616932.509247 sending message 104 to peer 0x5592577f3620 (0 bytes)
1731616932.509248 sending message 110 to peer 0x5592577f3620 (0 bytes)
1731616932.509249 sending message 107 to peer 0x5592577f3620 (4 bytes)
1731616932.509251 sending message 105 to peer 0x5592577f3620 (145 bytes)
1731616932.509253 sending message 105 to peer 0x5592577f3620 (30 bytes)
1731616932.509254 sending message 105 to peer 0x5592577f3620 (65 bytes)
1731616932.509256 sending message 105 to peer 0x5592577f3620 (48 bytes)
1731616932.509257 sending message 105 to peer 0x5592577f3620 (64 bytes)
1731616932.509259 sending message 105 to peer 0x5592577f3620 (23 bytes)
1731616932.509260 sending message 105 to peer 0x5592577f3620 (31 bytes)
1731616932.509262 sending message 105 to peer 0x5592577f3620 (23 bytes)
1731616932.509263 sending message 105 to peer 0x5592577f3620 (14 bytes)
1731616932.509265 sending message 105 to peer 0x5592577f3620 (30 bytes)
1731616932.509266 sending message 105 to peer 0x5592577f3620 (34 bytes)
1731616932.509268 sending message 105 to peer 0x5592577f3620 (19 bytes)
1731616932.509269 sending message 105 to peer 0x5592577f3620 (16 bytes)
1731616932.509270 sending message 105 to peer 0x5592577f3620 (17 bytes)
1731616932.509271 sending message 105 to peer 0x5592577f3620 (18 bytes)
1731616932.509272 sending message 105 to peer 0x5592577f3620 (23 bytes)
1731616932.509273 sending message 105 to peer 0x5592577f3620 (1525 bytes)
1731616932.509276 sending message 105 to peer 0x5592577f3620 (15 bytes)
1731616932.509277 sending message 105 to peer 0x5592577f3620 (272 bytes)
1731616932.509278 sending message 105 to peer 0x5592577f3620 (26 bytes)
1731616932.509279 sending message 105 to peer 0x5592577f3620 (8 bytes)
1731616932.509281 sending message 105 to peer 0x5592577f3620 (51 bytes)
1731616932.509282 sending message 105 to peer 0x5592577f3620 (48 bytes)
1731616932.509283 sending message 105 to peer 0x5592577f3620 (25 bytes)
1731616932.509284 sending message 105 to peer 0x5592577f3620 (44 bytes)
1731616932.509285 sending message 105 to peer 0x5592577f3620 (73 bytes)
1731616932.509286 sending message 105 to peer 0x5592577f3620 (38 bytes)
1731616932.509287 sending message 105 to peer 0x5592577f3620 (14 bytes)
1731616932.509288 sending message 105 to peer 0x5592577f3620 (52 bytes)
1731616932.509289 sending message 105 to peer 0x5592577f3620 (14 bytes)
1731616932.509290 sending message 105 to peer 0x5592577f3620 (60 bytes)
1731616932.509291 sending message 105 to peer 0x5592577f3620 (14 bytes)
1731616932.509292 sending message 105 to peer 0x5592577f3620 (19 bytes)
1731616932.509292 sending message 105 to peer 0x5592577f3620 (25 bytes)
1731616932.509294 sending message 105 to peer 0x5592577f3620 (133 bytes)
1731616932.509295 sending message 105 to peer 0x5592577f3620 (15 bytes)
1731616932.509296 sending message 105 to peer 0x5592577f3620 (24 bytes)
1731616932.509297 sending message 105 to peer 0x5592577f3620 (37 bytes)
1731616932.509298 sending message 105 to peer 0x5592577f3620 (25 bytes)
1731616932.509299 sending message 105 to peer 0x5592577f3620 (27 bytes)
1731616932.509300 sending message 105 to peer 0x5592577f3620 (11 bytes)
1731616932.509301 sending message 105 to peer 0x5592577f3620 (35 bytes)
1731616932.509302 sending message 105 to peer 0x5592577f3620 (23 bytes)
1731616932.509303 sending message 105 to peer 0x5592577f3620 (18 bytes)
1731616932.509304 sending message 105 to peer 0x5592577f3620 (40 bytes)
1731616932.509305 sending message 105 to peer 0x5592577f3620 (7 bytes)
1731616932.509306 sending message 105 to peer 0x5592577f3620 (21 bytes)
1731616932.509308 sending message 105 to peer 0x5592577f3620 (35 bytes)
1731616932.509309 sending message 105 to peer 0x5592577f3620 (18 bytes)
1731616932.509310 sending message 105 to peer 0x5592577f3620 (19 bytes)
1731616932.509311 sending message 105 to peer 0x5592577f3620 (21 bytes)
1731616932.509312 sending message 105 to peer 0x5592577f3620 (44 bytes)
1731616932.509313 sending message 106 to peer 0x5592577f3620 (0 bytes)
1731616932.509317 sending message 200 to peer 0x5592577f3620 (4 bytes)
1731616932.509318 client loop enter
1731616932.509547 peer 0x5592577f3620 message 303
1731616932.509548 open write file 2 -
1731616932.509551 sending message 305 to peer 0x5592577f3620 (8 bytes)
1731616932.509555 write check file 2
1731616932.509574 peer 0x5592577f3620 message 304
1731616932.509575 write 58 to file 2
1731616932.509577 peer 0x5592577f3620 message 203
1731616932.509578 file 2 58 bytes left
1731616932.509582 write check file 2
1731616932.509582 client loop exit
